Using pre-set license
Built from '2020.3/staging' branch; Version is '2020.3.20f1 (41c4e627c95f) revision 4310246'; Using compiler version '192528614'; Build Type 'Release'
OS: 'Windows 10 Home Single Language; OS build 22000.318; Version 2009; 64bit' Language: 'ru' Physical Memory: 32637 MB
BatchMode: 1, IsHumanControllingUs: 0, StartBugReporterOnCrash: 0, Is64bit: 1, IsPro: 0

COMMAND LINE ARGUMENTS:
C:\Program Files\Unity\Hub\Editor\2020.3.20f1\Editor\Unity.exe
-adb2
-batchMode
-noUpm
-name
AssetImportWorker0
-projectPath
D:/GitHUB/Programming-Theory-Repo/Programming Theory Project
-logFile
Logs/AssetImportWorker0.log
-srvPort
61573
Successfully changed project path to: D:/GitHUB/Programming-Theory-Repo/Programming Theory Project
D:/GitHUB/Programming-Theory-Repo/Programming Theory Project
Using Asset Import Pipeline V2.
Refreshing native plugins compatible for Editor in 17.64 ms, found 2 plugins.
Preloading 0 native plugins for Editor in 0.00 ms.
Initialize engine version: 2020.3.20f1 (41c4e627c95f)
[Subsystems] Discovering subsystems at path C:/Program Files/Unity/Hub/Editor/2020.3.20f1/Editor/Data/Resources/UnitySubsystems
[Subsystems] Discovering subsystems at path D:/GitHUB/Programming-Theory-Repo/Programming Theory Project/Assets
GfxDevice: creating device client; threaded=0
Direct3D:
    Version:  Direct3D 11.0 [level 11.1]
    Renderer: NVIDIA GeForce RTX 3070 Ti (ID=0x2482)
    Vendor:   
    VRAM:     8042 MB
    Driver:   30.0.14.9676
Initialize mono
Mono path[0] = 'C:/Program Files/Unity/Hub/Editor/2020.3.20f1/Editor/Data/Managed'
Mono path[1] = 'C:/Program Files/Unity/Hub/Editor/2020.3.20f1/Editor/Data/MonoBleedingEdge/lib/mono/unityjit'
Mono config path = 'C:/Program Files/Unity/Hub/Editor/2020.3.20f1/Editor/Data/MonoBleedingEdge/etc'
Using monoOptions --debugger-agent=transport=dt_socket,embedding=1,server=y,suspend=n,address=127.0.0.1:56852
Begin MonoManager ReloadAssembly
Registering precompiled unity dll's ...
Register platform support module: C:/Program Files/Unity/Hub/Editor/2020.3.20f1/Editor/Data/PlaybackEngines/WebGLSupport/UnityEditor.WebGL.Extensions.dll
Register platform support module: C:/Program Files/Unity/Hub/Editor/2020.3.20f1/Editor/Data/PlaybackEngines/WindowsStandaloneSupport/UnityEditor.WindowsStandalone.Extensions.dll
Registered in 0.000890 seconds.
Native extension for WindowsStandalone target not found
Native extension for WebGL target not found
Refreshing native plugins compatible for Editor in 17.62 ms, found 2 plugins.
Preloading 0 native plugins for Editor in 0.00 ms.
Mono: successfully reloaded assembly
- Completed reload, in  0.677 seconds
Domain Reload Profiling:
	ReloadAssembly (677ms)
		BeginReloadAssembly (30ms)
			ExecutionOrderSort (0ms)
			DisableScriptedObjects (0ms)
			BackupInstance (0ms)
			ReleaseScriptingObjects (0ms)
			CreateAndSetChildDomain (0ms)
		EndReloadAssembly (238ms)
			LoadAssemblies (29ms)
			RebuildTransferFunctionScriptingTraits (0ms)
			SetupTypeCache (84ms)
			ReleaseScriptCaches (0ms)
			RebuildScriptCaches (18ms)
			SetupLoadedEditorAssemblies (95ms)
				LogAssemblyErrors (0ms)
				InitializePlatformSupportModulesInManaged (3ms)
				SetLoadedEditorAssemblies (0ms)
				RefreshPlugins (18ms)
				BeforeProcessingInitializeOnLoad (11ms)
				ProcessInitializeOnLoadAttributes (47ms)
				ProcessInitializeOnLoadMethodAttributes (16ms)
				AfterProcessingInitializeOnLoad (0ms)
				EditorAssembliesLoaded (0ms)
			ExecutionOrderSort2 (0ms)
			AwakeInstancesAfterBackupRestoration (0ms)
Platform modules already initialized, skipping
Registering precompiled user dll's ...
Registered in 0.000899 seconds.
Begin MonoManager ReloadAssembly
Native extension for WindowsStandalone target not found
Native extension for WebGL target not found
Refreshing native plugins compatible for Editor in 0.19 ms, found 2 plugins.
Preloading 0 native plugins for Editor in 0.00 ms.
Mono: successfully reloaded assembly
- Completed reload, in  0.563 seconds
Domain Reload Profiling:
	ReloadAssembly (563ms)
		BeginReloadAssembly (80ms)
			ExecutionOrderSort (0ms)
			DisableScriptedObjects (3ms)
			BackupInstance (0ms)
			ReleaseScriptingObjects (0ms)
			CreateAndSetChildDomain (11ms)
		EndReloadAssembly (448ms)
			LoadAssemblies (46ms)
			RebuildTransferFunctionScriptingTraits (0ms)
			SetupTypeCache (144ms)
			ReleaseScriptCaches (0ms)
			RebuildScriptCaches (23ms)
			SetupLoadedEditorAssemblies (182ms)
				LogAssemblyErrors (0ms)
				InitializePlatformSupportModulesInManaged (4ms)
				SetLoadedEditorAssemblies (0ms)
				RefreshPlugins (0ms)
				BeforeProcessingInitializeOnLoad (45ms)
				ProcessInitializeOnLoadAttributes (128ms)
				ProcessInitializeOnLoadMethodAttributes (2ms)
				AfterProcessingInitializeOnLoad (2ms)
				EditorAssembliesLoaded (0ms)
			ExecutionOrderSort2 (0ms)
			AwakeInstancesAfterBackupRestoration (4ms)
Platform modules already initialized, skipping
========================================================================
Worker process is ready to serve import requests
Launched and connected shader compiler UnityShaderCompiler.exe after 0.03 seconds
Refreshing native plugins compatible for Editor in 0.19 ms, found 2 plugins.
Preloading 0 native plugins for Editor in 0.00 ms.
Unloading 1407 Unused Serialized files (Serialized files now loaded: 0)
System memory in use before: 65.2 MB.
System memory in use after: 65.3 MB.

Unloading 16 unused Assets to reduce memory usage. Loaded Objects now: 1843.
Total: 1.594000 ms (FindLiveObjects: 0.084500 ms CreateObjectMapping: 0.027600 ms MarkObjects: 1.442200 ms  DeleteObjects: 0.038900 ms)

AssetImportParameters requested are different than current active one (requested -> active):
  custom:framework-win-MediaFoundation: 216162199b28c13a410421893ffa2e32 -> 
  custom:video-decoder-ogg-theora: a1e56fd34408186e4bbccfd4996cb3dc -> 
  custom:container-muxer-webm: aa71ff27fc2769a1b78a27578f13a17b -> 
  custom:container-demuxer-webm: 4f35f7cbe854078d1ac9338744f61a02 -> 
  custom:container-demuxer-ogg: 62fdf1f143b41e24485cea50d1cbac27 -> 
  custom:video-encoder-webm-vp8: eb34c28f22e8b96e1ab97ce403110664 -> 
  custom:video-codec-MediaFoundation-h265: 746d11721c4dcdbdad8f713fa42b33f4 -> 
  custom:video-decoder-webm-vp8: 9c59270c3fd7afecdb556c50c9e8de78 -> 
  custom:audio-decoder-ogg-vorbis: bf7c407c2cedff20999df2af8eb42d56 -> 
  custom:audio-encoder-webm-vorbis: bf7c407c2cedff20999df2af8eb42d56 -> 
========================================================================
Received Import Request.
  path: Assets/Scripts
  artifactKey: Guid(1fe3eb31b3ea27f47936ed2b578e5802) Importer(815301076,1909f56bfc062723c751e8b465ee728b)
Start importing Assets/Scripts using Guid(1fe3eb31b3ea27f47936ed2b578e5802) Importer(815301076,1909f56bfc062723c751e8b465ee728b)  -> (artifact id: '458a43af57c50d457e40726386a9763a') in 0.002083 seconds 
  Import took 0.003386 seconds .

========================================================================
Received Import Request.
  Time since last request: 2.015454 seconds.
  path: Assets/Scripts/HookScript.cs
  artifactKey: Guid(1daad1450bb419c43bf6789545519fac) Importer(815301076,1909f56bfc062723c751e8b465ee728b)
Start importing Assets/Scripts/HookScript.cs using Guid(1daad1450bb419c43bf6789545519fac) Importer(815301076,1909f56bfc062723c751e8b465ee728b)  -> (artifact id: '30f160a0dd01c0a08c2efc39cbfbcd40') in 0.007610 seconds 
  Import took 0.009033 seconds .

========================================================================
Received Import Request.
  Time since last request: 12.680748 seconds.
  path: Assets/Scenes/TitleScreen.unity
  artifactKey: Guid(9fc0d4010bbf28b4594072e72b8655ab) Importer(815301076,1909f56bfc062723c751e8b465ee728b)
Start importing Assets/Scenes/TitleScreen.unity using Guid(9fc0d4010bbf28b4594072e72b8655ab) Importer(815301076,1909f56bfc062723c751e8b465ee728b)  -> (artifact id: '9b8ccccf1d83fea484355b3174095cef') in 0.005376 seconds 
  Import took 0.007174 seconds .

========================================================================
Received Import Request.
  Time since last request: 113.863391 seconds.
  path: Assets/Scripts/TruckScript.cs
  artifactKey: Guid(4a2dcf77579afe04f8ec536c65fdaebe) Importer(815301076,1909f56bfc062723c751e8b465ee728b)
Start importing Assets/Scripts/TruckScript.cs using Guid(4a2dcf77579afe04f8ec536c65fdaebe) Importer(815301076,1909f56bfc062723c751e8b465ee728b)  -> (artifact id: '76af3a01859e6b6242a810f1df22a4ff') in 0.000642 seconds 
  Import took 0.002325 seconds .

========================================================================
Received Import Request.
  Time since last request: 56.657212 seconds.
  path: Assets/Scripts/TruckScript.cs
  artifactKey: Guid(4a2dcf77579afe04f8ec536c65fdaebe) Importer(815301076,1909f56bfc062723c751e8b465ee728b)
Start importing Assets/Scripts/TruckScript.cs using Guid(4a2dcf77579afe04f8ec536c65fdaebe) Importer(815301076,1909f56bfc062723c751e8b465ee728b)  -> (artifact id: '645bf282840ccb0d7d7f8e24ef7e8002') in 0.001003 seconds 
  Import took 0.002657 seconds .

========================================================================
Received Prepare
Registering precompiled user dll's ...
Registered in 0.000794 seconds.
Begin MonoManager ReloadAssembly
Native extension for WindowsStandalone target not found
Native extension for WebGL target not found
Refreshing native plugins compatible for Editor in 0.19 ms, found 2 plugins.
Preloading 0 native plugins for Editor in 0.00 ms.
Mono: successfully reloaded assembly
- Completed reload, in  0.554 seconds
Domain Reload Profiling:
	ReloadAssembly (555ms)
		BeginReloadAssembly (74ms)
			ExecutionOrderSort (0ms)
			DisableScriptedObjects (3ms)
			BackupInstance (0ms)
			ReleaseScriptingObjects (0ms)
			CreateAndSetChildDomain (19ms)
		EndReloadAssembly (444ms)
			LoadAssemblies (48ms)
			RebuildTransferFunctionScriptingTraits (0ms)
			SetupTypeCache (153ms)
			ReleaseScriptCaches (0ms)
			RebuildScriptCaches (21ms)
			SetupLoadedEditorAssemblies (164ms)
				LogAssemblyErrors (0ms)
				InitializePlatformSupportModulesInManaged (4ms)
				SetLoadedEditorAssemblies (0ms)
				RefreshPlugins (0ms)
				BeforeProcessingInitializeOnLoad (41ms)
				ProcessInitializeOnLoadAttributes (114ms)
				ProcessInitializeOnLoadMethodAttributes (2ms)
				AfterProcessingInitializeOnLoad (3ms)
				EditorAssembliesLoaded (0ms)
			ExecutionOrderSort2 (0ms)
			AwakeInstancesAfterBackupRestoration (4ms)
Platform modules already initialized, skipping
Refreshing native plugins compatible for Editor in 0.20 ms, found 2 plugins.
Preloading 0 native plugins for Editor in 0.00 ms.
Unloading 1401 Unused Serialized files (Serialized files now loaded: 0)
System memory in use before: 65.1 MB.
System memory in use after: 65.2 MB.

Unloading 11 unused Assets to reduce memory usage. Loaded Objects now: 1845.
Total: 1.573200 ms (FindLiveObjects: 0.083000 ms CreateObjectMapping: 0.025300 ms MarkObjects: 1.453300 ms  DeleteObjects: 0.010900 ms)

AssetImportParameters requested are different than current active one (requested -> active):
  custom:framework-win-MediaFoundation: 216162199b28c13a410421893ffa2e32 -> 
  custom:video-decoder-ogg-theora: a1e56fd34408186e4bbccfd4996cb3dc -> 
  custom:container-muxer-webm: aa71ff27fc2769a1b78a27578f13a17b -> 
  custom:container-demuxer-webm: 4f35f7cbe854078d1ac9338744f61a02 -> 
  custom:container-demuxer-ogg: 62fdf1f143b41e24485cea50d1cbac27 -> 
  custom:video-encoder-webm-vp8: eb34c28f22e8b96e1ab97ce403110664 -> 
  custom:video-codec-MediaFoundation-h265: 746d11721c4dcdbdad8f713fa42b33f4 -> 
  custom:video-decoder-webm-vp8: 9c59270c3fd7afecdb556c50c9e8de78 -> 
  custom:audio-decoder-ogg-vorbis: bf7c407c2cedff20999df2af8eb42d56 -> 
  custom:audio-encoder-webm-vorbis: bf7c407c2cedff20999df2af8eb42d56 -> 
========================================================================
Received Import Request.
  Time since last request: 9.482540 seconds.
  path: Assets/Models
  artifactKey: Guid(bd34b203c3add9c4a960464a0469016d) Importer(815301076,1909f56bfc062723c751e8b465ee728b)
Start importing Assets/Models using Guid(bd34b203c3add9c4a960464a0469016d) Importer(815301076,1909f56bfc062723c751e8b465ee728b)  -> (artifact id: '5cfb7c58295f232888d3803d78a04f8c') in 0.002612 seconds 
  Import took 0.004143 seconds .

========================================================================
Received Import Request.
  Time since last request: 5.356115 seconds.
  path: Assets/Scenes/GameScene.unity
  artifactKey: Guid(a238286164a8e6445af95e081fb94dd2) Importer(815301076,1909f56bfc062723c751e8b465ee728b)
Start importing Assets/Scenes/GameScene.unity using Guid(a238286164a8e6445af95e081fb94dd2) Importer(815301076,1909f56bfc062723c751e8b465ee728b)  -> (artifact id: 'a2781953c6bd2b9d63cafa3b1d4a2c45') in 0.004701 seconds 
  Import took 0.006359 seconds .

========================================================================
Received Import Request.
  Time since last request: 4.897634 seconds.
  path: Assets/Prefabs
  artifactKey: Guid(e569906ef67074b4b9faaa7dba3a6d01) Importer(815301076,1909f56bfc062723c751e8b465ee728b)
Start importing Assets/Prefabs using Guid(e569906ef67074b4b9faaa7dba3a6d01) Importer(815301076,1909f56bfc062723c751e8b465ee728b)  -> (artifact id: '59079cf409db474d6b69a31ad1c61496') in 0.000986 seconds 
  Import took 0.002823 seconds .

========================================================================
Received Import Request.
  Time since last request: 0.083284 seconds.
  path: Assets/Prefabs/Car.prefab
  artifactKey: Guid(d78252911c8cab545abc481dd7315652) Importer(815301076,1909f56bfc062723c751e8b465ee728b)
Start importing Assets/Prefabs/Car.prefab using Guid(d78252911c8cab545abc481dd7315652) Importer(815301076,1909f56bfc062723c751e8b465ee728b)  -> (artifact id: '9d6cf1e8f49872f73127deee2f68cafb') in 0.045892 seconds 
  Import took 0.047487 seconds .

========================================================================
Received Import Request.
  Time since last request: 0.000123 seconds.
  path: Assets/Prefabs/SlabType1.prefab
  artifactKey: Guid(ead56b57e709f4744a0d9cf8969badc5) Importer(815301076,1909f56bfc062723c751e8b465ee728b)
Start importing Assets/Prefabs/SlabType1.prefab using Guid(ead56b57e709f4744a0d9cf8969badc5) Importer(815301076,1909f56bfc062723c751e8b465ee728b)  -> (artifact id: '9d3ddcb06446575cc64df0b266e227ed') in 0.016562 seconds 
  Import took 0.018164 seconds .

========================================================================
Received Import Request.
  Time since last request: 21.541645 seconds.
  path: Assets/Materials
  artifactKey: Guid(bf9bfbc568df2174987b758fad5645e7) Importer(815301076,1909f56bfc062723c751e8b465ee728b)
Start importing Assets/Materials using Guid(bf9bfbc568df2174987b758fad5645e7) Importer(815301076,1909f56bfc062723c751e8b465ee728b)  -> (artifact id: '7e460a87e5e73db039768b6113b5b97e') in 0.000822 seconds 
  Import took 0.002789 seconds .

========================================================================
Received Import Request.
  Time since last request: 0.081845 seconds.
  path: Assets/Materials/BuildingMaterial.mat
  artifactKey: Guid(e7767c0a78a140246b4408a1f9734ec4) Importer(815301076,1909f56bfc062723c751e8b465ee728b)
Start importing Assets/Materials/BuildingMaterial.mat using Guid(e7767c0a78a140246b4408a1f9734ec4) Importer(815301076,1909f56bfc062723c751e8b465ee728b)  -> (artifact id: '7298c3a9308a3cb5955f519ce4658736') in 0.014596 seconds 
  Import took 0.016161 seconds .

========================================================================
Received Import Request.
  Time since last request: 0.000251 seconds.
  path: Assets/Materials/SlabMaterial.mat
  artifactKey: Guid(d30705de26511914ba95c6c3428d907f) Importer(815301076,1909f56bfc062723c751e8b465ee728b)
Start importing Assets/Materials/SlabMaterial.mat using Guid(d30705de26511914ba95c6c3428d907f) Importer(815301076,1909f56bfc062723c751e8b465ee728b)  -> (artifact id: 'c180a365ad859cc90a1173dd21a73f6e') in 0.004785 seconds 
  Import took 0.006300 seconds .

========================================================================
Received Import Request.
  Time since last request: 0.000197 seconds.
  path: Assets/Materials/GraundMateria;.mat
  artifactKey: Guid(8eb8bb47e1ef4124093e1c6788448677) Importer(815301076,1909f56bfc062723c751e8b465ee728b)
Start importing Assets/Materials/GraundMateria;.mat using Guid(8eb8bb47e1ef4124093e1c6788448677) Importer(815301076,1909f56bfc062723c751e8b465ee728b)  -> (artifact id: 'ac85e3c8d1bbb91258eb92e0f539be64') in 0.004600 seconds 
  Import took 0.006178 seconds .

========================================================================
Received Import Request.
  Time since last request: 0.000171 seconds.
  path: Assets/Materials/CarMaterial.mat
  artifactKey: Guid(c73e33bbca3210746986d6118d187a0d) Importer(815301076,1909f56bfc062723c751e8b465ee728b)
Start importing Assets/Materials/CarMaterial.mat using Guid(c73e33bbca3210746986d6118d187a0d) Importer(815301076,1909f56bfc062723c751e8b465ee728b)  -> (artifact id: 'e5e9d56cfd12508bcfa6108ef6e03176') in 0.004489 seconds 
  Import took 0.006218 seconds .

========================================================================
Received Import Request.
  Time since last request: 19.360934 seconds.
  path: Assets/Models/CarForSlabs.fbx
  artifactKey: Guid(ec81faff193ee994794de202294ca188) Importer(815301076,1909f56bfc062723c751e8b465ee728b)
Start importing Assets/Models/CarForSlabs.fbx using Guid(ec81faff193ee994794de202294ca188) Importer(815301076,1909f56bfc062723c751e8b465ee728b)  -> (artifact id: '9bef7a7f134b4df800d08d1902c6ebe0') in 0.035760 seconds 
  Import took 0.037876 seconds .

========================================================================
Received Import Request.
  Time since last request: 0.000158 seconds.
  path: Assets/Models/Hook.fbx
  artifactKey: Guid(d493506f812969c418e1e453cbd72c6f) Importer(815301076,1909f56bfc062723c751e8b465ee728b)
Start importing Assets/Models/Hook.fbx using Guid(d493506f812969c418e1e453cbd72c6f) Importer(815301076,1909f56bfc062723c751e8b465ee728b)  -> (artifact id: '579e35a2c9d2201d8c92b9b2afad3ce8') in 0.011003 seconds 
  Import took 0.012557 seconds .

========================================================================
Received Import Request.
  Time since last request: 7.987780 seconds.
  path: Assets/Models/Hook.fbx
  artifactKey: Guid(d493506f812969c418e1e453cbd72c6f) Importer(815301076,1909f56bfc062723c751e8b465ee728b)
Start importing Assets/Models/Hook.fbx using Guid(d493506f812969c418e1e453cbd72c6f) Importer(815301076,1909f56bfc062723c751e8b465ee728b)  -> (artifact id: 'fcf2746768d136235c75f55c8d1ef4d1') in 0.023148 seconds 
  Import took 0.024733 seconds .

========================================================================
Received Import Request.
  Time since last request: 114.798075 seconds.
  path: Assets/Prefabs/Kran.prefab
  artifactKey: Guid(0b64b3be288ea6b44a5e2a752f7efde6) Importer(815301076,1909f56bfc062723c751e8b465ee728b)
Start importing Assets/Prefabs/Kran.prefab using Guid(0b64b3be288ea6b44a5e2a752f7efde6) Importer(815301076,1909f56bfc062723c751e8b465ee728b)  -> (artifact id: 'faa5e027e2b56d829a6066bb736678bf') in 0.020066 seconds 
  Import took 0.021694 seconds .

========================================================================
Received Import Request.
  Time since last request: 67.622584 seconds.
  path: Assets/Scripts/UserScript.cs
  artifactKey: Guid(131d7fc854e227840a3b7993afe377b2) Importer(815301076,1909f56bfc062723c751e8b465ee728b)
Start importing Assets/Scripts/UserScript.cs using Guid(131d7fc854e227840a3b7993afe377b2) Importer(815301076,1909f56bfc062723c751e8b465ee728b)  -> (artifact id: '61a3015617c6a12dc07ed14bbe523765') in 0.001150 seconds 
  Import took 0.003230 seconds .

========================================================================
Received Prepare
Registering precompiled user dll's ...
Registered in 0.000858 seconds.
Begin MonoManager ReloadAssembly
Native extension for WindowsStandalone target not found
Native extension for WebGL target not found
Refreshing native plugins compatible for Editor in 0.19 ms, found 2 plugins.
Preloading 0 native plugins for Editor in 0.00 ms.
Mono: successfully reloaded assembly
- Completed reload, in  0.546 seconds
Domain Reload Profiling:
	ReloadAssembly (547ms)
		BeginReloadAssembly (77ms)
			ExecutionOrderSort (0ms)
			DisableScriptedObjects (2ms)
			BackupInstance (0ms)
			ReleaseScriptingObjects (0ms)
			CreateAndSetChildDomain (20ms)
		EndReloadAssembly (435ms)
			LoadAssemblies (46ms)
			RebuildTransferFunctionScriptingTraits (0ms)
			SetupTypeCache (146ms)
			ReleaseScriptCaches (0ms)
			RebuildScriptCaches (20ms)
			SetupLoadedEditorAssemblies (167ms)
				LogAssemblyErrors (0ms)
				InitializePlatformSupportModulesInManaged (4ms)
				SetLoadedEditorAssemblies (0ms)
				RefreshPlugins (0ms)
				BeforeProcessingInitializeOnLoad (40ms)
				ProcessInitializeOnLoadAttributes (118ms)
				ProcessInitializeOnLoadMethodAttributes (2ms)
				AfterProcessingInitializeOnLoad (2ms)
				EditorAssembliesLoaded (0ms)
			ExecutionOrderSort2 (0ms)
			AwakeInstancesAfterBackupRestoration (4ms)
Platform modules already initialized, skipping
Refreshing native plugins compatible for Editor in 0.20 ms, found 2 plugins.
Preloading 0 native plugins for Editor in 0.00 ms.
Unloading 1401 Unused Serialized files (Serialized files now loaded: 0)
System memory in use before: 68.6 MB.
System memory in use after: 68.7 MB.

Unloading 13 unused Assets to reduce memory usage. Loaded Objects now: 1893.
Total: 1.744700 ms (FindLiveObjects: 0.087400 ms CreateObjectMapping: 0.025000 ms MarkObjects: 1.612400 ms  DeleteObjects: 0.019300 ms)

AssetImportParameters requested are different than current active one (requested -> active):
  custom:framework-win-MediaFoundation: 216162199b28c13a410421893ffa2e32 -> 
  custom:video-decoder-ogg-theora: a1e56fd34408186e4bbccfd4996cb3dc -> 
  custom:container-muxer-webm: aa71ff27fc2769a1b78a27578f13a17b -> 
  custom:container-demuxer-webm: 4f35f7cbe854078d1ac9338744f61a02 -> 
  custom:container-demuxer-ogg: 62fdf1f143b41e24485cea50d1cbac27 -> 
  custom:video-encoder-webm-vp8: eb34c28f22e8b96e1ab97ce403110664 -> 
  custom:video-codec-MediaFoundation-h265: 746d11721c4dcdbdad8f713fa42b33f4 -> 
  custom:video-decoder-webm-vp8: 9c59270c3fd7afecdb556c50c9e8de78 -> 
  custom:audio-decoder-ogg-vorbis: bf7c407c2cedff20999df2af8eb42d56 -> 
  custom:audio-encoder-webm-vorbis: bf7c407c2cedff20999df2af8eb42d56 -> 
========================================================================
Received Import Request.
  Time since last request: 1585.370488 seconds.
  path: Assets/Scripts/GameSceneManager.cs
  artifactKey: Guid(8640539e5e810754588091fe9a4a665e) Importer(815301076,1909f56bfc062723c751e8b465ee728b)
Start importing Assets/Scripts/GameSceneManager.cs using Guid(8640539e5e810754588091fe9a4a665e) Importer(815301076,1909f56bfc062723c751e8b465ee728b)  -> (artifact id: '4e12b924da40ecbfe9e672f2fc0553f1') in 0.002213 seconds 
  Import took 0.003769 seconds .

========================================================================
Received Import Request.
  Time since last request: 104.953666 seconds.
  path: Assets/Scripts/GameSceneManager.cs
  artifactKey: Guid(8640539e5e810754588091fe9a4a665e) Importer(815301076,1909f56bfc062723c751e8b465ee728b)
Start importing Assets/Scripts/GameSceneManager.cs using Guid(8640539e5e810754588091fe9a4a665e) Importer(815301076,1909f56bfc062723c751e8b465ee728b)  -> (artifact id: '732f75d724b0c72f604fa6753bf71c04') in 0.001213 seconds 
  Import took 0.003721 seconds .

========================================================================
Received Prepare
Registering precompiled user dll's ...
Registered in 0.000802 seconds.
Begin MonoManager ReloadAssembly
Native extension for WindowsStandalone target not found
Native extension for WebGL target not found
Refreshing native plugins compatible for Editor in 0.19 ms, found 2 plugins.
Preloading 0 native plugins for Editor in 0.00 ms.
Mono: successfully reloaded assembly
- Completed reload, in  0.549 seconds
Domain Reload Profiling:
	ReloadAssembly (549ms)
		BeginReloadAssembly (72ms)
			ExecutionOrderSort (0ms)
			DisableScriptedObjects (2ms)
			BackupInstance (0ms)
			ReleaseScriptingObjects (0ms)
			CreateAndSetChildDomain (18ms)
		EndReloadAssembly (441ms)
			LoadAssemblies (45ms)
			RebuildTransferFunctionScriptingTraits (0ms)
			SetupTypeCache (151ms)
			ReleaseScriptCaches (0ms)
			RebuildScriptCaches (22ms)
			SetupLoadedEditorAssemblies (166ms)
				LogAssemblyErrors (0ms)
				InitializePlatformSupportModulesInManaged (4ms)
				SetLoadedEditorAssemblies (0ms)
				RefreshPlugins (0ms)
				BeforeProcessingInitializeOnLoad (43ms)
				ProcessInitializeOnLoadAttributes (115ms)
				ProcessInitializeOnLoadMethodAttributes (2ms)
				AfterProcessingInitializeOnLoad (2ms)
				EditorAssembliesLoaded (0ms)
			ExecutionOrderSort2 (0ms)
			AwakeInstancesAfterBackupRestoration (4ms)
Platform modules already initialized, skipping
Refreshing native plugins compatible for Editor in 0.20 ms, found 2 plugins.
Preloading 0 native plugins for Editor in 0.00 ms.
Unloading 1401 Unused Serialized files (Serialized files now loaded: 0)
System memory in use before: 68.6 MB.
System memory in use after: 68.8 MB.

Unloading 11 unused Assets to reduce memory usage. Loaded Objects now: 1895.
Total: 1.637700 ms (FindLiveObjects: 0.084800 ms CreateObjectMapping: 0.024300 ms MarkObjects: 1.518700 ms  DeleteObjects: 0.009300 ms)

AssetImportParameters requested are different than current active one (requested -> active):
  custom:framework-win-MediaFoundation: 216162199b28c13a410421893ffa2e32 -> 
  custom:video-decoder-ogg-theora: a1e56fd34408186e4bbccfd4996cb3dc -> 
  custom:container-muxer-webm: aa71ff27fc2769a1b78a27578f13a17b -> 
  custom:container-demuxer-webm: 4f35f7cbe854078d1ac9338744f61a02 -> 
  custom:container-demuxer-ogg: 62fdf1f143b41e24485cea50d1cbac27 -> 
  custom:video-encoder-webm-vp8: eb34c28f22e8b96e1ab97ce403110664 -> 
  custom:video-codec-MediaFoundation-h265: 746d11721c4dcdbdad8f713fa42b33f4 -> 
  custom:video-decoder-webm-vp8: 9c59270c3fd7afecdb556c50c9e8de78 -> 
  custom:audio-decoder-ogg-vorbis: bf7c407c2cedff20999df2af8eb42d56 -> 
  custom:audio-encoder-webm-vorbis: bf7c407c2cedff20999df2af8eb42d56 -> 
========================================================================
Received Prepare
Registering precompiled user dll's ...
Registered in 0.000985 seconds.
Begin MonoManager ReloadAssembly
Native extension for WindowsStandalone target not found
Native extension for WebGL target not found
Refreshing native plugins compatible for Editor in 0.19 ms, found 2 plugins.
Preloading 0 native plugins for Editor in 0.00 ms.
Mono: successfully reloaded assembly
- Completed reload, in  0.545 seconds
Domain Reload Profiling:
	ReloadAssembly (546ms)
		BeginReloadAssembly (73ms)
			ExecutionOrderSort (0ms)
			DisableScriptedObjects (3ms)
			BackupInstance (0ms)
			ReleaseScriptingObjects (0ms)
			CreateAndSetChildDomain (18ms)
		EndReloadAssembly (436ms)
			LoadAssemblies (47ms)
			RebuildTransferFunctionScriptingTraits (0ms)
			SetupTypeCache (141ms)
			ReleaseScriptCaches (0ms)
			RebuildScriptCaches (22ms)
			SetupLoadedEditorAssemblies (170ms)
				LogAssemblyErrors (0ms)
				InitializePlatformSupportModulesInManaged (4ms)
				SetLoadedEditorAssemblies (0ms)
				RefreshPlugins (0ms)
				BeforeProcessingInitializeOnLoad (42ms)
				ProcessInitializeOnLoadAttributes (120ms)
				ProcessInitializeOnLoadMethodAttributes (2ms)
				AfterProcessingInitializeOnLoad (2ms)
				EditorAssembliesLoaded (0ms)
			ExecutionOrderSort2 (0ms)
			AwakeInstancesAfterBackupRestoration (4ms)
Platform modules already initialized, skipping
Refreshing native plugins compatible for Editor in 0.20 ms, found 2 plugins.
Preloading 0 native plugins for Editor in 0.00 ms.
Unloading 1401 Unused Serialized files (Serialized files now loaded: 0)
System memory in use before: 68.7 MB.
System memory in use after: 68.8 MB.

Unloading 11 unused Assets to reduce memory usage. Loaded Objects now: 1897.
Total: 1.643400 ms (FindLiveObjects: 0.093800 ms CreateObjectMapping: 0.026300 ms MarkObjects: 1.510600 ms  DeleteObjects: 0.011700 ms)

AssetImportParameters requested are different than current active one (requested -> active):
  custom:framework-win-MediaFoundation: 216162199b28c13a410421893ffa2e32 -> 
  custom:video-decoder-ogg-theora: a1e56fd34408186e4bbccfd4996cb3dc -> 
  custom:container-muxer-webm: aa71ff27fc2769a1b78a27578f13a17b -> 
  custom:container-demuxer-webm: 4f35f7cbe854078d1ac9338744f61a02 -> 
  custom:container-demuxer-ogg: 62fdf1f143b41e24485cea50d1cbac27 -> 
  custom:video-encoder-webm-vp8: eb34c28f22e8b96e1ab97ce403110664 -> 
  custom:video-codec-MediaFoundation-h265: 746d11721c4dcdbdad8f713fa42b33f4 -> 
  custom:video-decoder-webm-vp8: 9c59270c3fd7afecdb556c50c9e8de78 -> 
  custom:audio-decoder-ogg-vorbis: bf7c407c2cedff20999df2af8eb42d56 -> 
  custom:audio-encoder-webm-vorbis: bf7c407c2cedff20999df2af8eb42d56 -> 
========================================================================
Received Import Request.
  Time since last request: 71.212543 seconds.
  path: Assets/Materials/CarMaterial.mat
  artifactKey: Guid(c73e33bbca3210746986d6118d187a0d) Importer(815301076,1909f56bfc062723c751e8b465ee728b)
Start importing Assets/Materials/CarMaterial.mat using Guid(c73e33bbca3210746986d6118d187a0d) Importer(815301076,1909f56bfc062723c751e8b465ee728b)  -> (artifact id: 'e1313ce016b26782232a76a71550eac8') in 0.037264 seconds 
  Import took 0.038794 seconds .

